2023-08-19 10:02:50.221 INFO  DeferredLog.logTo - Devtools property defaults active! Set 'spring.devtools.add-properties' to 'false' to disable
2023-08-19 10:02:50.230 INFO  DeferredLog.logTo - For additional web related logging consider setting the 'logging.level.web' property to 'DEBUG'
2023-08-19 10:02:51.990 INFO  RepositoryConfigurationDelegate.registerRepositoriesIn - Bootstrapping Spring Data JPA repositories in DEFAULT mode.
2023-08-19 10:02:52.015 INFO  RepositoryConfigurationDelegate.registerRepositoriesIn - Finished Spring Data repository scanning in 9 ms. Found 0 JPA repository interfaces.
2023-08-19 10:02:52.343 INFO  PostProcessorRegistrationDelegate$BeanPostProcessorChecker.postProcessAfterInitialization - Bean 'org.springframework.ws.config.annotation.DelegatingWsConfiguration' of type [org.springframework.ws.config.annotation.DelegatingWsConfiguration$$EnhancerBySpringCGLIB$$e0485f52] is not eligible for getting processed by all BeanPostProcessors (for example: not eligible for auto-proxying)
2023-08-19 10:02:52.397 INFO  AbstractAddressingEndpointMapping.afterPropertiesSet - Supporting [WS-Addressing August 2004, WS-Addressing 1.0]
2023-08-19 10:02:53.051 INFO  TomcatWebServer.initialize - Tomcat initialized with port(s): 8080 (http)
2023-08-19 10:02:53.072 INFO  DirectJDKLog.log - Initializing ProtocolHandler ["http-nio-8080"]
2023-08-19 10:02:53.076 INFO  DirectJDKLog.log - Starting service [Tomcat]
2023-08-19 10:02:53.077 INFO  DirectJDKLog.log - Starting Servlet engine: [Apache Tomcat/9.0.78]
2023-08-19 10:02:53.181 INFO  DirectJDKLog.log - Initializing Spring embedded WebApplicationContext
2023-08-19 10:02:53.182 INFO  ServletWebServerApplicationContext.prepareWebApplicationContext - Root WebApplicationContext: initialization completed in 2951 ms
2023-08-19 10:02:53.231 INFO  HikariDataSource.getConnection - HikariPool-1 - Starting...
2023-08-19 10:02:53.586 INFO  HikariDataSource.getConnection - HikariPool-1 - Start completed.
2023-08-19 10:02:53.600 INFO  H2ConsoleAutoConfiguration.logDataSources - H2 console available at '/h2-console'. Database available at 'jdbc:h2:file:~/h2/management'
2023-08-19 10:02:54.683 INFO  AbstractEntityManagerFactoryBean.buildNativeEntityManagerFactory - Initialized JPA EntityManagerFactory for persistence unit 'default'
2023-08-19 10:02:54.828 WARN  DefaultMessagesProvider.addMessages - No messages were created, make sure the referenced schema(s) contain elements
2023-08-19 10:02:54.830 WARN  AbstractPortTypesProvider.createOperations - No operations were created, make sure the WSDL contains messages
2023-08-19 10:02:54.908 WARN  JpaBaseConfiguration$JpaWebConfiguration.openEntityManagerInViewInterceptor - spring.jpa.open-in-view is enabled by default. Therefore, database queries may be performed during view rendering. Explicitly configure spring.jpa.open-in-view to disable this warning
2023-08-19 10:02:55.351 INFO  OptionalLiveReloadServer.startServer - LiveReload server is running on port 35729
2023-08-19 10:02:55.365 INFO  DirectJDKLog.log - Starting ProtocolHandler ["http-nio-8080"]
2023-08-19 10:02:55.390 INFO  TomcatWebServer.start - Tomcat started on port(s): 8080 (http) with context path ''
2023-08-19 10:03:21.460 INFO  DirectJDKLog.log - Initializing Spring MessageDispatcherServlet 'messageDispatcherServlet'
2023-08-19 10:03:21.460 INFO  FrameworkServlet.initServletBean - Initializing Servlet 'messageDispatcherServlet'
2023-08-19 10:03:21.470 INFO  SaajSoapMessageFactory.afterPropertiesSet - Creating SAAJ 1.3 MessageFactory with SOAP 1.1 Protocol
2023-08-19 10:03:21.493 INFO  FrameworkServlet.initServletBean - Completed initialization in 33 ms
2023-08-19 10:03:21.951 INFO  DirectJDKLog.log - Initializing Spring DispatcherServlet 'dispatcherServlet'
2023-08-19 10:03:21.952 INFO  FrameworkServlet.initServletBean - Initializing Servlet 'dispatcherServlet'
2023-08-19 10:03:21.953 INFO  FrameworkServlet.initServletBean - Completed initialization in 1 ms
2023-08-19 10:07:40.804 ERROR EnvelopeFactory.parseEnvelopeSax - SAAJ0511: Unable to create envelope from given source
2023-08-19 10:09:49.191 ERROR EnvelopeFactory.parseEnvelopeSax - SAAJ0511: Unable to create envelope from given source
2023-08-19 10:09:55.776 ERROR EnvelopeFactory.parseEnvelopeSax - SAAJ0511: Unable to create envelope from given source
2023-08-19 10:11:27.935 INFO  AbstractEntityManagerFactoryBean.destroy - Closing JPA EntityManagerFactory for persistence unit 'default'
2023-08-19 10:11:27.941 INFO  HikariDataSource.close - HikariPool-1 - Shutdown initiated...
2023-08-19 10:11:27.948 INFO  HikariDataSource.close - HikariPool-1 - Shutdown completed.
